{"numTotalTestSuites":55,"numPassedTestSuites":36,"numFailedTestSuites":19,"numPendingTestSuites":0,"numTotalTests":54,"numPassedTests":54,"numFailedTests":0,"numPendingTests":0,"numTodoTests":0,"snapshot":{"added":0,"failure":false,"filesAdded":0,"filesRemoved":0,"filesRemovedList":[],"filesUnmatched":0,"filesUpdated":0,"matched":0,"total":0,"unchecked":0,"uncheckedKeysByFile":[],"unmatched":0,"updated":0,"didUpdate":false},"startTime":1760028300451,"success":false,"testResults":[{"assertionResults":[],"startTime":1760028300451,"endTime":1760028300451,"status":"failed","message":"Failed to resolve import \"@testUtils/test-i18n\" from \"src/test-utils.tsx\". Does the file exist?","name":"/Users/edmays/src/dog-log/src/App.authGuard.test.tsx"},{"assertionResults":[],"startTime":1760028300451,"endTime":1760028300451,"status":"failed","message":"Failed to resolve import \"@testUtils/test-i18n\" from \"src/test-utils.tsx\". Does the file exist?","name":"/Users/edmays/src/dog-log/src/App.routing.test.tsx"},{"assertionResults":[],"startTime":1760028300451,"endTime":1760028300451,"status":"failed","message":"Failed to resolve import \"@testUtils/test-i18n\" from \"src/test-utils.tsx\". Does the file exist?","name":"/Users/edmays/src/dog-log/src/App.test.tsx"},{"assertionResults":[],"startTime":1760028300451,"endTime":1760028300451,"status":"failed","message":"Failed to resolve import \"@testUtils/test-i18n\" from \"src/test-utils.tsx\". Does the file exist?","name":"/Users/edmays/src/dog-log/src/AppRoutes.test.tsx"},{"assertionResults":[{"ancestorTitles":["FeatureFlagsProvider"],"fullName":"FeatureFlagsProvider toggles feature flag and updates UI","status":"passed","title":"toggles feature flag and updates UI","duration":83.64324999999997,"failureMessages":[],"meta":{}}],"startTime":1760028302507,"endTime":1760028302590.6433,"status":"passed","message":"","name":"/Users/edmays/src/dog-log/src/featureFlags/FeatureFlagsProvider.test.tsx"},{"assertionResults":[{"ancestorTitles":["useFeatureFlag"],"fullName":"useFeatureFlag returns true if flag is enabled","status":"passed","title":"returns true if flag is enabled","duration":14.949124999999981,"failureMessages":[],"meta":{}}],"startTime":1760028302528,"endTime":1760028302542.9492,"status":"passed","message":"","name":"/Users/edmays/src/dog-log/src/featureFlags/useFeatureFlag.test.tsx"},{"assertionResults":[{"ancestorTitles":["useFeatureFlagsContext"],"fullName":"useFeatureFlagsContext consumes and updates context","status":"passed","title":"consumes and updates context","duration":175.13358300000004,"failureMessages":[],"meta":{}},{"ancestorTitles":["useFeatureFlagsContext"],"fullName":"useFeatureFlagsContext returns object with flags and setFlag","status":"passed","title":"returns object with flags and setFlag","duration":2.1964169999999967,"failureMessages":[],"meta":{}},{"ancestorTitles":["useFeatureFlagsContext"],"fullName":"useFeatureFlagsContext throws if used outside FeatureFlagsProvider","status":"passed","title":"throws if used outside FeatureFlagsProvider","duration":4.9003340000000435,"failureMessages":[],"meta":{}}],"startTime":1760028302026,"endTime":1760028302207.9004,"status":"passed","message":"","name":"/Users/edmays/src/dog-log/src/featureFlags/useFeatureFlagsContext.test.tsx"},{"assertionResults":[],"startTime":1760028300451,"endTime":1760028300451,"status":"failed","message":"Failed to resolve import \"@store/pets.store\" from \"src/hooks/usePets.tsx\". Does the file exist?","name":"/Users/edmays/src/dog-log/src/hooks/usePets.test.tsx"},{"assertionResults":[],"startTime":1760028300451,"endTime":1760028300451,"status":"failed","message":"Failed to resolve import \"@repositories/petRepository\" from \"src/services/petService.tsx\". Does the file exist?","name":"/Users/edmays/src/dog-log/src/services/petService.test.tsx"},{"assertionResults":[{"ancestorTitles":["COLLECTIONS"],"fullName":"COLLECTIONS should include expected collection names","status":"passed","title":"should include expected collection names","duration":1.87095800000003,"failureMessages":[],"meta":{}},{"ancestorTitles":["REPOSITORY_ENV"],"fullName":"REPOSITORY_ENV should define emulator config","status":"passed","title":"should define emulator config","duration":1.1988749999999868,"failureMessages":[],"meta":{}},{"ancestorTitles":["FIRESTORE_OPERATORS"],"fullName":"FIRESTORE_OPERATORS should map operator keys to Firestore strings","status":"passed","title":"should map operator keys to Firestore strings","duration":0.5750830000000065,"failureMessages":[],"meta":{}},{"ancestorTitles":["isNonEmptyString"],"fullName":"isNonEmptyString returns true for non-empty strings","status":"passed","title":"returns true for non-empty strings","duration":0.8985000000000127,"failureMessages":[],"meta":{}},{"ancestorTitles":["isNonEmptyString"],"fullName":"isNonEmptyString returns false for empty and non-string values","status":"passed","title":"returns false for empty and non-string values","duration":0.5967089999999757,"failureMessages":[],"meta":{}},{"ancestorTitles":["buildIsArchivedFilter"],"fullName":"buildIsArchivedFilter returns correct filter object for archived","status":"passed","title":"returns correct filter object for archived","duration":0.9090419999999995,"failureMessages":[],"meta":{}},{"ancestorTitles":["buildIsArchivedFilter"],"fullName":"buildIsArchivedFilter returns correct filter object for not archived","status":"passed","title":"returns correct filter object for not archived","duration":0.19737499999996544,"failureMessages":[],"meta":{}}],"startTime":1760028302480,"endTime":1760028302486.1973,"status":"passed","message":"","name":"/Users/edmays/src/dog-log/src/repositories/config.test.tsx"},{"assertionResults":[{"ancestorTitles":["PetRepository"],"fullName":"PetRepository getActivePets calls getActiveList with correct options","status":"passed","title":"getActivePets calls getActiveList with correct options","duration":5.203500000000076,"failureMessages":[],"meta":{}},{"ancestorTitles":["PetRepository"],"fullName":"PetRepository getArchivedPets calls getArchivedList with correct options","status":"passed","title":"getArchivedPets calls getArchivedList with correct options","duration":2.0464170000000195,"failureMessages":[],"meta":{}},{"ancestorTitles":["PetRepository"],"fullName":"PetRepository createPet calls base create with correct payload","status":"passed","title":"createPet calls base create with correct payload","duration":1.1094160000000102,"failureMessages":[],"meta":{}},{"ancestorTitles":["PetRepository"],"fullName":"PetRepository updatePet calls base update with correct payload","status":"passed","title":"updatePet calls base update with correct payload","duration":0.3678750000000264,"failureMessages":[],"meta":{}},{"ancestorTitles":["PetRepository"],"fullName":"PetRepository archivePet calls base archive with petId","status":"passed","title":"archivePet calls base archive with petId","duration":0.3401250000000573,"failureMessages":[],"meta":{}}],"startTime":1760028302640,"endTime":1760028302649.368,"status":"passed","message":"","name":"/Users/edmays/src/dog-log/src/repositories/petRepository.test.tsx"},{"assertionResults":[{"ancestorTitles":["UserRepository"],"fullName":"UserRepository should be a singleton","status":"passed","title":"should be a singleton","duration":1.3675839999999653,"failureMessages":[],"meta":{}},{"ancestorTitles":["UserRepository"],"fullName":"UserRepository should get a user by id","status":"passed","title":"should get a user by id","duration":1.3185829999999896,"failureMessages":[],"meta":{}},{"ancestorTitles":["UserRepository"],"fullName":"UserRepository should return undefined for a non-existent user","status":"passed","title":"should return undefined for a non-existent user","duration":0.3202919999999949,"failureMessages":[],"meta":{}},{"ancestorTitles":["UserRepository"],"fullName":"UserRepository should create a new user","status":"passed","title":"should create a new user","duration":0.46462499999995543,"failureMessages":[],"meta":{}}],"startTime":1760028302485,"endTime":1760028302488.4646,"status":"passed","message":"","name":"/Users/edmays/src/dog-log/src/repositories/userRepository.test.tsx"},{"assertionResults":[{"ancestorTitles":["auth.store"],"fullName":"auth.store initial state has initializing true","status":"passed","title":"initial state has initializing true","duration":1.3393750000000182,"failureMessages":[],"meta":{}},{"ancestorTitles":["auth.store"],"fullName":"auth.store initAuthListener updates state on auth event","status":"passed","title":"initAuthListener updates state on auth event","duration":0.3294580000000451,"failureMessages":[],"meta":{}},{"ancestorTitles":["auth.store"],"fullName":"auth.store initAuthListener handles error path","status":"passed","title":"initAuthListener handles error path","duration":1.8351249999999482,"failureMessages":[],"meta":{}},{"ancestorTitles":["auth.store"],"fullName":"auth.store signInWithGoogle sets error when service rejects","status":"passed","title":"signInWithGoogle sets error when service rejects","duration":1.049833000000035,"failureMessages":[],"meta":{}},{"ancestorTitles":["auth.store"],"fullName":"auth.store signOut delegates to service and keeps state until listener updates","status":"passed","title":"signOut delegates to service and keeps state until listener updates","duration":0.31475000000000364,"failureMessages":[],"meta":{}}],"startTime":1760028302481,"endTime":1760028302486.3147,"status":"passed","message":"","name":"/Users/edmays/src/dog-log/src/store/auth.store.test.tsx"},{"assertionResults":[],"startTime":1760028300451,"endTime":1760028300451,"status":"failed","message":"Failed to resolve import \"@services/petService\" from \"src/store/pets.store.tsx\". Does the file exist?","name":"/Users/edmays/src/dog-log/src/store/pets.store.test.tsx"},{"assertionResults":[{"ancestorTitles":["useAppStore"],"fullName":"useAppStore initializes count to 0","status":"passed","title":"initializes count to 0","duration":0.8258339999999862,"failureMessages":[],"meta":{}},{"ancestorTitles":["useAppStore"],"fullName":"useAppStore increments count","status":"passed","title":"increments count","duration":0.20604200000002493,"failureMessages":[],"meta":{}},{"ancestorTitles":["useAppStore"],"fullName":"useAppStore decrements count","status":"passed","title":"decrements count","duration":0.09133299999996325,"failureMessages":[],"meta":{}}],"startTime":1760028302884,"endTime":1760028302885.206,"status":"passed","message":"","name":"/Users/edmays/src/dog-log/src/store/store.test.tsx"},{"assertionResults":[{"ancestorTitles":["id utils"],"fullName":"id utils uses a deterministic generator when set","status":"passed","title":"uses a deterministic generator when set","duration":0.7398749999999836,"failureMessages":[],"meta":{}},{"ancestorTitles":["id utils"],"fullName":"id utils falls back to some non-empty id by default","status":"passed","title":"falls back to some non-empty id by default","duration":0.34174999999999045,"failureMessages":[],"meta":{}}],"startTime":1760028302701,"endTime":1760028302702.3418,"status":"passed","message":"","name":"/Users/edmays/src/dog-log/src/utils/id.test.tsx"},{"assertionResults":[],"startTime":1760028300451,"endTime":1760028300451,"status":"failed","message":"Failed to resolve import \"@testUtils/test-i18n\" from \"src/test-utils.tsx\". Does the file exist?","name":"/Users/edmays/src/dog-log/src/components/common/PrivateRoute.test.tsx"},{"assertionResults":[],"startTime":1760028300451,"endTime":1760028300451,"status":"failed","message":"Failed to resolve import \"@testUtils/test-i18n\" from \"src/test-utils.tsx\". Does the file exist?","name":"/Users/edmays/src/dog-log/src/features/authentication/SignupComponent.test.tsx"},{"assertionResults":[],"startTime":1760028300451,"endTime":1760028300451,"status":"failed","message":"Failed to resolve import \"@store/auth.store\" from \"src/components/common/Auth/LoginButton.tsx\". Does the file exist?","name":"/Users/edmays/src/dog-log/src/features/authentication/WelcomePage.test.tsx"},{"assertionResults":[],"startTime":1760028300451,"endTime":1760028300451,"status":"failed","message":"Failed to resolve import \"@features/petManagement/PetForm\" from \"src/features/petManagement/AddPetPage.tsx\". Does the file exist?","name":"/Users/edmays/src/dog-log/src/features/petManagement/AddPetPage.test.tsx"},{"assertionResults":[],"startTime":1760028300451,"endTime":1760028300451,"status":"failed","message":"Failed to resolve import \"@testUtils/test-i18n\" from \"src/test-utils.tsx\". Does the file exist?","name":"/Users/edmays/src/dog-log/src/features/petManagement/RoutePrefetcher.test.tsx"},{"assertionResults":[],"startTime":1760028300451,"endTime":1760028300451,"status":"failed","message":"Failed to resolve import \"@styles/FormStyles.module.css\" from \"src/features/petManagement/PetForm.tsx\". Does the file exist?","name":"/Users/edmays/src/dog-log/src/features/petManagement/petForm.test.tsx"},{"assertionResults":[{"ancestorTitles":["authService"],"fullName":"authService ensurePersistence sets browserLocalPersistence","status":"passed","title":"ensurePersistence sets browserLocalPersistence","duration":1.6982910000000402,"failureMessages":[],"meta":{}},{"ancestorTitles":["authService","signInWithGoogle"],"fullName":"authService signInWithGoogle creates a new user if one does not exist","status":"passed","title":"creates a new user if one does not exist","duration":2.634457999999995,"failureMessages":[],"meta":{}},{"ancestorTitles":["authService","signInWithGoogle"],"fullName":"authService signInWithGoogle does not create a user if one already exists","status":"passed","title":"does not create a user if one already exists","duration":0.7337079999999787,"failureMessages":[],"meta":{}},{"ancestorTitles":["authService"],"fullName":"authService signInWithGoogle rethrows errors","status":"passed","title":"signInWithGoogle rethrows errors","duration":0.657416000000012,"failureMessages":[],"meta":{}},{"ancestorTitles":["authService"],"fullName":"authService signOut calls Firebase signOut","status":"passed","title":"signOut calls Firebase signOut","duration":0.1677910000000793,"failureMessages":[],"meta":{}},{"ancestorTitles":["authService"],"fullName":"authService subscribeToAuth forwards mapped user and returns unsubscribe","status":"passed","title":"subscribeToAuth forwards mapped user and returns unsubscribe","duration":0.5534999999999854,"failureMessages":[],"meta":{}},{"ancestorTitles":["authService"],"fullName":"authService subscribeToAuth forwards errors","status":"passed","title":"subscribeToAuth forwards errors","duration":0.2708340000000362,"failureMessages":[],"meta":{}}],"startTime":1760028302472,"endTime":1760028302479.2708,"status":"passed","message":"","name":"/Users/edmays/src/dog-log/src/services/auth/authService.test.tsx"},{"assertionResults":[{"ancestorTitles":["BaseRepository","documentToEntity"],"fullName":"BaseRepository documentToEntity should convert Firestore document to plain entity","status":"passed","title":"should convert Firestore document to plain entity","duration":2.124916999999982,"failureMessages":[],"meta":{}},{"ancestorTitles":["BaseRepository","documentToEntity"],"fullName":"BaseRepository documentToEntity should handle nested timestamp conversion","status":"passed","title":"should handle nested timestamp conversion","duration":0.2024579999999787,"failureMessages":[],"meta":{}},{"ancestorTitles":["BaseRepository","entityToDocument"],"fullName":"BaseRepository entityToDocument should convert entity to Firestore document format","status":"passed","title":"should convert entity to Firestore document format","duration":0.29629099999999653,"failureMessages":[],"meta":{}},{"ancestorTitles":["BaseRepository","entityToDocument"],"fullName":"BaseRepository entityToDocument should handle nested date conversion","status":"passed","title":"should handle nested date conversion","duration":0.10245800000006966,"failureMessages":[],"meta":{}},{"ancestorTitles":["BaseRepository","handleError"],"fullName":"BaseRepository handleError should map permission-denied errors correctly","status":"passed","title":"should map permission-denied errors correctly","duration":4.683042,"failureMessages":[],"meta":{}},{"ancestorTitles":["BaseRepository","handleError"],"fullName":"BaseRepository handleError should map not-found errors correctly","status":"passed","title":"should map not-found errors correctly","duration":0.43204100000002654,"failureMessages":[],"meta":{}},{"ancestorTitles":["BaseRepository","handleError"],"fullName":"BaseRepository handleError should handle unknown errors","status":"passed","title":"should handle unknown errors","duration":0.1404579999999669,"failureMessages":[],"meta":{}},{"ancestorTitles":["ArchivableBaseRepository","archive"],"fullName":"ArchivableBaseRepository archive should call update with archive fields","status":"passed","title":"should call update with archive fields","duration":1.4309579999999187,"failureMessages":[],"meta":{}}],"startTime":1760028302483,"endTime":1760028302492.431,"status":"passed","message":"","name":"/Users/edmays/src/dog-log/src/repositories/base/BaseRepository.test.tsx"},{"assertionResults":[{"ancestorTitles":["firestoreDocumentToPlain"],"fullName":"firestoreDocumentToPlain converts Firestore Timestamps to JS Date","status":"passed","title":"converts Firestore Timestamps to JS Date","duration":1.8003330000000233,"failureMessages":[],"meta":{}},{"ancestorTitles":["firestoreDocumentToPlain"],"fullName":"firestoreDocumentToPlain deeply converts nested Timestamps","status":"passed","title":"deeply converts nested Timestamps","duration":0.4361669999999549,"failureMessages":[],"meta":{}},{"ancestorTitles":["firestoreDocumentToPlain"],"fullName":"firestoreDocumentToPlain preserves primitives and arrays","status":"passed","title":"preserves primitives and arrays","duration":0.27470899999991616,"failureMessages":[],"meta":{}},{"ancestorTitles":["plainToFirestoreDocument"],"fullName":"plainToFirestoreDocument converts JS Date to Firestore Timestamp","status":"passed","title":"converts JS Date to Firestore Timestamp","duration":0.43849999999997635,"failureMessages":[],"meta":{}},{"ancestorTitles":["plainToFirestoreDocument"],"fullName":"plainToFirestoreDocument deeply converts nested Dates","status":"passed","title":"deeply converts nested Dates","duration":0.18212499999992815,"failureMessages":[],"meta":{}},{"ancestorTitles":["plainToFirestoreDocument"],"fullName":"plainToFirestoreDocument preserves primitives and arrays","status":"passed","title":"preserves primitives and arrays","duration":0.19191699999998946,"failureMessages":[],"meta":{}},{"ancestorTitles":["sanitizeStringField"],"fullName":"sanitizeStringField trims whitespace from strings","status":"passed","title":"trims whitespace from strings","duration":0.21237500000006548,"failureMessages":[],"meta":{}},{"ancestorTitles":["sanitizeStringField"],"fullName":"sanitizeStringField returns empty string for non-strings","status":"passed","title":"returns empty string for non-strings","duration":0.13991700000008223,"failureMessages":[],"meta":{}}],"startTime":1760028302540,"endTime":1760028302544.14,"status":"passed","message":"","name":"/Users/edmays/src/dog-log/src/repositories/utils/dataTransformers.test.tsx"},{"assertionResults":[],"startTime":1760028300451,"endTime":1760028300451,"status":"failed","message":"Failed to resolve import \"@test-utils\" from \"src/components/common/Auth/LoginButton.test.tsx\". Does the file exist?","name":"/Users/edmays/src/dog-log/src/components/common/Auth/LoginButton.test.tsx"},{"assertionResults":[],"startTime":1760028300451,"endTime":1760028300451,"status":"failed","message":"Failed to resolve import \"@test-utils\" from \"src/components/common/Auth/LogoutButton.test.tsx\". Does the file exist?","name":"/Users/edmays/src/dog-log/src/components/common/Auth/LogoutButton.test.tsx"},{"assertionResults":[],"startTime":1760028300451,"endTime":1760028300451,"status":"failed","message":"Failed to resolve import \"@test-utils\" from \"src/components/common/ConfirmModal/ConfirmModal.test.tsx\". Does the file exist?","name":"/Users/edmays/src/dog-log/src/components/common/ConfirmModal/ConfirmModal.test.tsx"},{"assertionResults":[],"startTime":1760028300451,"endTime":1760028300451,"status":"failed","message":"Failed to resolve import \"@test-utils\" from \"src/components/common/ErrorBoundary/ErrorBoundary.test.tsx\". Does the file exist?","name":"/Users/edmays/src/dog-log/src/components/common/ErrorBoundary/ErrorBoundary.test.tsx"},{"assertionResults":[],"startTime":1760028300451,"endTime":1760028300451,"status":"failed","message":"Failed to resolve import \"@components/common/ErrorIndicator/ErrorIndicator\" from \"src/components/common/ErrorIndicator/ErrorIndicator.test.tsx\". Does the file exist?","name":"/Users/edmays/src/dog-log/src/components/common/ErrorIndicator/ErrorIndicator.test.tsx"},{"assertionResults":[],"startTime":1760028300451,"endTime":1760028300451,"status":"failed","message":"Failed to resolve import \"@test-utils\" from \"src/components/common/LoadingIndicator/LoadingIndicator.test.tsx\". Does the file exist?","name":"/Users/edmays/src/dog-log/src/components/common/LoadingIndicator/LoadingIndicator.test.tsx"}]}