{"numTotalTestSuites":73,"numPassedTestSuites":73,"numFailedTestSuites":0,"numPendingTestSuites":0,"numTotalTests":117,"numPassedTests":117,"numFailedTests":0,"numPendingTests":0,"numTodoTests":0,"snapshot":{"added":0,"failure":false,"filesAdded":0,"filesRemoved":0,"filesRemovedList":[],"filesUnmatched":0,"filesUpdated":0,"matched":0,"total":0,"unchecked":0,"uncheckedKeysByFile":[],"unmatched":0,"updated":0,"didUpdate":false},"startTime":1760032648430,"success":true,"testResults":[{"assertionResults":[{"ancestorTitles":["App auth route protection"],"fullName":"App auth route protection redirects unauthenticated users to /welcome for /pets","status":"passed","title":"redirects unauthenticated users to /welcome for /pets","duration":63.18179200000009,"failureMessages":[],"meta":{}},{"ancestorTitles":["App auth route protection"],"fullName":"App auth route protection allows authenticated users to access /pets","status":"passed","title":"allows authenticated users to access /pets","duration":9.678750000000036,"failureMessages":[],"meta":{}}],"startTime":1760032649639,"endTime":1760032649711.6787,"status":"passed","message":"","name":"/Users/edmays/src/dog-log/src/App.authGuard.test.tsx"},{"assertionResults":[{"ancestorTitles":["Routing and navigation hygiene"],"fullName":"Routing and navigation hygiene shows a localized feature-unavailable screen when pet list is disabled","status":"passed","title":"shows a localized feature-unavailable screen when pet list is disabled","duration":48.81904199999997,"failureMessages":[],"meta":{}}],"startTime":1760032650165,"endTime":1760032650213.819,"status":"passed","message":"","name":"/Users/edmays/src/dog-log/src/App.routing.test.tsx"},{"assertionResults":[{"ancestorTitles":["App"],"fullName":"App renders loading state","status":"passed","title":"renders loading state","duration":44.657375,"failureMessages":[],"meta":{}},{"ancestorTitles":["App"],"fullName":"App renders error state","status":"passed","title":"renders error state","duration":8.485083000000031,"failureMessages":[],"meta":{}},{"ancestorTitles":["App"],"fullName":"App renders pet list","status":"passed","title":"renders pet list","duration":11.549250000000029,"failureMessages":[],"meta":{}},{"ancestorTitles":["App"],"fullName":"App fetches pets on mount","status":"passed","title":"fetches pets on mount","duration":2.941291000000092,"failureMessages":[],"meta":{}}],"startTime":1760032649639,"endTime":1760032649706.9414,"status":"passed","message":"","name":"/Users/edmays/src/dog-log/src/App.test.tsx"},{"assertionResults":[{"ancestorTitles":["AppRoutes"],"fullName":"AppRoutes should render PetListPage for /pets route when feature is enabled","status":"passed","title":"should render PetListPage for /pets route when feature is enabled","duration":45.97924999999998,"failureMessages":[],"meta":{}},{"ancestorTitles":["AppRoutes"],"fullName":"AppRoutes should redirect to /feature-unavailable for /pets route when feature is disabled","status":"passed","title":"should redirect to /feature-unavailable for /pets route when feature is disabled","duration":7.954833000000008,"failureMessages":[],"meta":{}},{"ancestorTitles":["AppRoutes"],"fullName":"AppRoutes should render AddPetPage for /pets/new route","status":"passed","title":"should render AddPetPage for /pets/new route","duration":39.873875,"failureMessages":[],"meta":{}}],"startTime":1760032650188,"endTime":1760032650281.8738,"status":"passed","message":"","name":"/Users/edmays/src/dog-log/src/AppRoutes.test.tsx"},{"assertionResults":[{"ancestorTitles":["FeatureFlagsProvider"],"fullName":"FeatureFlagsProvider toggles feature flag and updates UI","status":"passed","title":"toggles feature flag and updates UI","duration":71.30033300000002,"failureMessages":[],"meta":{}}],"startTime":1760032649235,"endTime":1760032649306.3003,"status":"passed","message":"","name":"/Users/edmays/src/dog-log/src/featureFlags/FeatureFlagsProvider.test.tsx"},{"assertionResults":[{"ancestorTitles":["useFeatureFlag"],"fullName":"useFeatureFlag returns true if flag is enabled","status":"passed","title":"returns true if flag is enabled","duration":16.383625000000052,"failureMessages":[],"meta":{}}],"startTime":1760032650310,"endTime":1760032650326.3835,"status":"passed","message":"","name":"/Users/edmays/src/dog-log/src/featureFlags/useFeatureFlag.test.tsx"},{"assertionResults":[{"ancestorTitles":["useFeatureFlagsContext"],"fullName":"useFeatureFlagsContext consumes and updates context","status":"passed","title":"consumes and updates context","duration":73.91229199999998,"failureMessages":[],"meta":{}},{"ancestorTitles":["useFeatureFlagsContext"],"fullName":"useFeatureFlagsContext returns object with flags and setFlag","status":"passed","title":"returns object with flags and setFlag","duration":1.2398749999999836,"failureMessages":[],"meta":{}},{"ancestorTitles":["useFeatureFlagsContext"],"fullName":"useFeatureFlagsContext throws if used outside FeatureFlagsProvider","status":"passed","title":"throws if used outside FeatureFlagsProvider","duration":6.338000000000079,"failureMessages":[],"meta":{}}],"startTime":1760032649297,"endTime":1760032649379.338,"status":"passed","message":"","name":"/Users/edmays/src/dog-log/src/featureFlags/useFeatureFlagsContext.test.tsx"},{"assertionResults":[{"ancestorTitles":[],"fullName":"fetches and returns mock pets","status":"passed","title":"fetches and returns mock pets","duration":11.339790999999991,"failureMessages":[],"meta":{}}],"startTime":1760032650542,"endTime":1760032650553.3398,"status":"passed","message":"","name":"/Users/edmays/src/dog-log/src/hooks/usePets.test.tsx"},{"assertionResults":[{"ancestorTitles":["PetService"],"fullName":"PetService fetchActivePets should create a repository and call getActivePets","status":"passed","title":"fetchActivePets should create a repository and call getActivePets","duration":1.6190839999999298,"failureMessages":[],"meta":{}},{"ancestorTitles":["PetService"],"fullName":"PetService fetchArchivedPets should create a repository and call getArchivedPets","status":"passed","title":"fetchArchivedPets should create a repository and call getArchivedPets","duration":0.24954199999990578,"failureMessages":[],"meta":{}},{"ancestorTitles":["PetService"],"fullName":"PetService addPet should create a repository and call createPet","status":"passed","title":"addPet should create a repository and call createPet","duration":0.47362499999997,"failureMessages":[],"meta":{}},{"ancestorTitles":["PetService"],"fullName":"PetService editPet should create a repository and call updatePet","status":"passed","title":"editPet should create a repository and call updatePet","duration":0.164916000000062,"failureMessages":[],"meta":{}},{"ancestorTitles":["PetService"],"fullName":"PetService archivePet should create a repository and call archivePet","status":"passed","title":"archivePet should create a repository and call archivePet","duration":0.1682500000000573,"failureMessages":[],"meta":{}}],"startTime":1760032651040,"endTime":1760032651042.4736,"status":"passed","message":"","name":"/Users/edmays/src/dog-log/src/services/petService.test.tsx"},{"assertionResults":[{"ancestorTitles":["COLLECTIONS"],"fullName":"COLLECTIONS should include expected collection names","status":"passed","title":"should include expected collection names","duration":1.9332500000000437,"failureMessages":[],"meta":{}},{"ancestorTitles":["REPOSITORY_ENV"],"fullName":"REPOSITORY_ENV should define emulator config","status":"passed","title":"should define emulator config","duration":0.7174999999999727,"failureMessages":[],"meta":{}},{"ancestorTitles":["FIRESTORE_OPERATORS"],"fullName":"FIRESTORE_OPERATORS should map operator keys to Firestore strings","status":"passed","title":"should map operator keys to Firestore strings","duration":0.37316599999996924,"failureMessages":[],"meta":{}},{"ancestorTitles":["isNonEmptyString"],"fullName":"isNonEmptyString returns true for non-empty strings","status":"passed","title":"returns true for non-empty strings","duration":0.1346250000000282,"failureMessages":[],"meta":{}},{"ancestorTitles":["isNonEmptyString"],"fullName":"isNonEmptyString returns false for empty and non-string values","status":"passed","title":"returns false for empty and non-string values","duration":0.5088749999999891,"failureMessages":[],"meta":{}},{"ancestorTitles":["buildIsArchivedFilter"],"fullName":"buildIsArchivedFilter returns correct filter object for archived","status":"passed","title":"returns correct filter object for archived","duration":1.088624999999979,"failureMessages":[],"meta":{}},{"ancestorTitles":["buildIsArchivedFilter"],"fullName":"buildIsArchivedFilter returns correct filter object for not archived","status":"passed","title":"returns correct filter object for not archived","duration":0.191332999999986,"failureMessages":[],"meta":{}}],"startTime":1760032650894,"endTime":1760032650900.1914,"status":"passed","message":"","name":"/Users/edmays/src/dog-log/src/repositories/config.test.tsx"},{"assertionResults":[{"ancestorTitles":["PetRepository"],"fullName":"PetRepository getActivePets calls getActiveList with correct options","status":"passed","title":"getActivePets calls getActiveList with correct options","duration":4.03129100000001,"failureMessages":[],"meta":{}},{"ancestorTitles":["PetRepository"],"fullName":"PetRepository getArchivedPets calls getArchivedList with correct options","status":"passed","title":"getArchivedPets calls getArchivedList with correct options","duration":0.8192919999999049,"failureMessages":[],"meta":{}},{"ancestorTitles":["PetRepository"],"fullName":"PetRepository createPet calls base create with correct payload","status":"passed","title":"createPet calls base create with correct payload","duration":0.9387909999999238,"failureMessages":[],"meta":{}},{"ancestorTitles":["PetRepository"],"fullName":"PetRepository updatePet calls base update with correct payload","status":"passed","title":"updatePet calls base update with correct payload","duration":0.36283400000002075,"failureMessages":[],"meta":{}},{"ancestorTitles":["PetRepository"],"fullName":"PetRepository archivePet calls base archive with petId","status":"passed","title":"archivePet calls base archive with petId","duration":0.24866700000006858,"failureMessages":[],"meta":{}}],"startTime":1760032650957,"endTime":1760032650963.3628,"status":"passed","message":"","name":"/Users/edmays/src/dog-log/src/repositories/petRepository.test.tsx"},{"assertionResults":[{"ancestorTitles":["UserRepository"],"fullName":"UserRepository should be a singleton","status":"passed","title":"should be a singleton","duration":0.7190830000000688,"failureMessages":[],"meta":{}},{"ancestorTitles":["UserRepository"],"fullName":"UserRepository should get a user by id","status":"passed","title":"should get a user by id","duration":0.8422499999999218,"failureMessages":[],"meta":{}},{"ancestorTitles":["UserRepository"],"fullName":"UserRepository should return undefined for a non-existent user","status":"passed","title":"should return undefined for a non-existent user","duration":0.17799999999999727,"failureMessages":[],"meta":{}},{"ancestorTitles":["UserRepository"],"fullName":"UserRepository should create a new user","status":"passed","title":"should create a new user","duration":0.2634580000000142,"failureMessages":[],"meta":{}}],"startTime":1760032651071,"endTime":1760032651073.2634,"status":"passed","message":"","name":"/Users/edmays/src/dog-log/src/repositories/userRepository.test.tsx"},{"assertionResults":[{"ancestorTitles":["auth.store"],"fullName":"auth.store initial state has initializing true","status":"passed","title":"initial state has initializing true","duration":1.5609160000000202,"failureMessages":[],"meta":{}},{"ancestorTitles":["auth.store"],"fullName":"auth.store initAuthListener updates state on auth event","status":"passed","title":"initAuthListener updates state on auth event","duration":0.4327920000000631,"failureMessages":[],"meta":{}},{"ancestorTitles":["auth.store"],"fullName":"auth.store initAuthListener handles error path","status":"passed","title":"initAuthListener handles error path","duration":1.858333000000016,"failureMessages":[],"meta":{}},{"ancestorTitles":["auth.store"],"fullName":"auth.store signInWithGoogle sets error when service rejects","status":"passed","title":"signInWithGoogle sets error when service rejects","duration":1.354832999999985,"failureMessages":[],"meta":{}},{"ancestorTitles":["auth.store"],"fullName":"auth.store signOut delegates to service and keeps state until listener updates","status":"passed","title":"signOut delegates to service and keeps state until listener updates","duration":0.3627920000000131,"failureMessages":[],"meta":{}}],"startTime":1760032650815,"endTime":1760032650820.3628,"status":"passed","message":"","name":"/Users/edmays/src/dog-log/src/store/auth.store.test.tsx"},{"assertionResults":[{"ancestorTitles":["usePetsStore","fetchPets"],"fullName":"usePetsStore fetchPets should do nothing if user is not authenticated","status":"passed","title":"should do nothing if user is not authenticated","duration":1.9101249999999936,"failureMessages":[],"meta":{}},{"ancestorTitles":["usePetsStore","fetchPets"],"fullName":"usePetsStore fetchPets should fetch pets if user is authenticated","status":"passed","title":"should fetch pets if user is authenticated","duration":1.5705420000000458,"failureMessages":[],"meta":{}},{"ancestorTitles":["usePetsStore","addPet"],"fullName":"usePetsStore addPet should throw an error if user is not authenticated","status":"passed","title":"should throw an error if user is not authenticated","duration":1.5964999999999918,"failureMessages":[],"meta":{}},{"ancestorTitles":["usePetsStore","addPet"],"fullName":"usePetsStore addPet should add a pet if user is authenticated","status":"passed","title":"should add a pet if user is authenticated","duration":0.6969170000000986,"failureMessages":[],"meta":{}}],"startTime":1760032650849,"endTime":1760032650854.697,"status":"passed","message":"","name":"/Users/edmays/src/dog-log/src/store/pets.store.test.tsx"},{"assertionResults":[{"ancestorTitles":["useAppStore"],"fullName":"useAppStore initializes count to 0","status":"passed","title":"initializes count to 0","duration":0.7350419999999644,"failureMessages":[],"meta":{}},{"ancestorTitles":["useAppStore"],"fullName":"useAppStore increments count","status":"passed","title":"increments count","duration":0.2040410000000179,"failureMessages":[],"meta":{}},{"ancestorTitles":["useAppStore"],"fullName":"useAppStore decrements count","status":"passed","title":"decrements count","duration":0.09370899999998983,"failureMessages":[],"meta":{}}],"startTime":1760032651296,"endTime":1760032651297.204,"status":"passed","message":"","name":"/Users/edmays/src/dog-log/src/store/store.test.tsx"},{"assertionResults":[{"ancestorTitles":["id utils"],"fullName":"id utils uses a deterministic generator when set","status":"passed","title":"uses a deterministic generator when set","duration":0.7923749999999927,"failureMessages":[],"meta":{}},{"ancestorTitles":["id utils"],"fullName":"id utils falls back to some non-empty id by default","status":"passed","title":"falls back to some non-empty id by default","duration":0.3535829999999578,"failureMessages":[],"meta":{}}],"startTime":1760032651220,"endTime":1760032651221.3535,"status":"passed","message":"","name":"/Users/edmays/src/dog-log/src/utils/id.test.tsx"},{"assertionResults":[{"ancestorTitles":["PrivateRoute"],"fullName":"PrivateRoute should render children if auth is not enabled","status":"passed","title":"should render children if auth is not enabled","duration":29.211000000000013,"failureMessages":[],"meta":{}},{"ancestorTitles":["PrivateRoute"],"fullName":"PrivateRoute should render null if auth is enabled and user is not authenticated","status":"passed","title":"should render null if auth is enabled and user is not authenticated","duration":5.05824999999993,"failureMessages":[],"meta":{}},{"ancestorTitles":["PrivateRoute"],"fullName":"PrivateRoute should render children if auth is enabled and user is authenticated","status":"passed","title":"should render children if auth is enabled and user is authenticated","duration":11.223707999999988,"failureMessages":[],"meta":{}}],"startTime":1760032650445,"endTime":1760032650491.2236,"status":"passed","message":"","name":"/Users/edmays/src/dog-log/src/components/common/PrivateRoute.test.tsx"},{"assertionResults":[{"ancestorTitles":["SignupComponent"],"fullName":"SignupComponent shows loading status when initializing","status":"passed","title":"shows loading status when initializing","duration":47.341707999999926,"failureMessages":[],"meta":{}},{"ancestorTitles":["SignupComponent"],"fullName":"SignupComponent renders localized firebase error messages","status":"passed","title":"renders localized firebase error messages","duration":6.236709000000019,"failureMessages":[],"meta":{}}],"startTime":1760032650053,"endTime":1760032650106.2368,"status":"passed","message":"","name":"/Users/edmays/src/dog-log/src/features/authentication/SignupComponent.test.tsx"},{"assertionResults":[{"ancestorTitles":["WelcomePage"],"fullName":"WelcomePage renders the welcome message and login button","status":"passed","title":"renders the welcome message and login button","duration":56.80975000000001,"failureMessages":[],"meta":{}}],"startTime":1760032649287,"endTime":1760032649343.8098,"status":"passed","message":"","name":"/Users/edmays/src/dog-log/src/features/authentication/WelcomePage.test.tsx"},{"assertionResults":[{"ancestorTitles":["AddPetPage"],"fullName":"AddPetPage renders the PetForm","status":"passed","title":"renders the PetForm","duration":23.190000000000055,"failureMessages":[],"meta":{}},{"ancestorTitles":["AddPetPage"],"fullName":"AddPetPage submits form, adds pet to store, navigates to /pets","status":"passed","title":"submits form, adds pet to store, navigates to /pets","duration":19.371708000000012,"failureMessages":[],"meta":{}},{"ancestorTitles":["AddPetPage"],"fullName":"AddPetPage shows modal when cancel is clicked if dirty, then accepts and navigates","status":"passed","title":"shows modal when cancel is clicked if dirty, then accepts and navigates","duration":6.791458000000034,"failureMessages":[],"meta":{}},{"ancestorTitles":["AddPetPage"],"fullName":"AddPetPage shows modal on cancel if dirty, declines and stays on page","status":"passed","title":"shows modal on cancel if dirty, declines and stays on page","duration":3.1079999999999472,"failureMessages":[],"meta":{}},{"ancestorTitles":["AddPetPage"],"fullName":"AddPetPage navigates away immediately if cancel is clicked and not dirty","status":"passed","title":"navigates away immediately if cancel is clicked and not dirty","duration":1.8215830000000324,"failureMessages":[],"meta":{}}],"startTime":1760032649293,"endTime":1760032649347.8215,"status":"passed","message":"","name":"/Users/edmays/src/dog-log/src/features/petManagement/AddPetPage.test.tsx"},{"assertionResults":[{"ancestorTitles":["RoutePrefetcher"],"fullName":"RoutePrefetcher should call fetchPets when on a pets route with no pets and not loading","status":"passed","title":"should call fetchPets when on a pets route with no pets and not loading","duration":24.20566699999995,"failureMessages":[],"meta":{}},{"ancestorTitles":["RoutePrefetcher"],"fullName":"RoutePrefetcher should not call fetchPets when on a pets route but pets are already present","status":"passed","title":"should not call fetchPets when on a pets route but pets are already present","duration":6.243832999999995,"failureMessages":[],"meta":{}},{"ancestorTitles":["RoutePrefetcher"],"fullName":"RoutePrefetcher should not call fetchPets when on a pets route but already loading","status":"passed","title":"should not call fetchPets when on a pets route but already loading","duration":7.027208999999971,"failureMessages":[],"meta":{}},{"ancestorTitles":["RoutePrefetcher"],"fullName":"RoutePrefetcher should not call fetchPets when not on a pets route","status":"passed","title":"should not call fetchPets when not on a pets route","duration":7.830042000000049,"failureMessages":[],"meta":{}}],"startTime":1760032650792,"endTime":1760032650837.83,"status":"passed","message":"","name":"/Users/edmays/src/dog-log/src/features/petManagement/RoutePrefetcher.test.tsx"},{"assertionResults":[{"ancestorTitles":["PetForm"],"fullName":"PetForm renders the correct (English) labels and buttons","status":"passed","title":"renders the correct (English) labels and buttons","duration":40.13920800000005,"failureMessages":[],"meta":{}},{"ancestorTitles":["PetForm"],"fullName":"PetForm renders the correct (Spanish) labels and buttons","status":"passed","title":"renders the correct (Spanish) labels and buttons","duration":6.910542000000078,"failureMessages":[],"meta":{}},{"ancestorTitles":["PetForm"],"fullName":"PetForm disables OK when form is invalid","status":"passed","title":"disables OK when form is invalid","duration":59.0412080000001,"failureMessages":[],"meta":{}},{"ancestorTitles":["PetForm"],"fullName":"PetForm enables OK when inputs are filled","status":"passed","title":"enables OK when inputs are filled","duration":86.00862499999994,"failureMessages":[],"meta":{}},{"ancestorTitles":["PetForm"],"fullName":"PetForm calls onSubmit with pet data and disables on invalid","status":"passed","title":"calls onSubmit with pet data and disables on invalid","duration":72.60554200000001,"failureMessages":[],"meta":{}},{"ancestorTitles":["PetForm"],"fullName":"PetForm calls onCancel when Cancel is clicked","status":"passed","title":"calls onCancel when Cancel is clicked","duration":15.314208000000008,"failureMessages":[],"meta":{}},{"ancestorTitles":["PetForm"],"fullName":"PetForm calls onDirtyChange(true) when form is modified, onDirtyChange(false) when reverted","status":"passed","title":"calls onDirtyChange(true) when form is modified, onDirtyChange(false) when reverted","duration":79.42320899999982,"failureMessages":[],"meta":{}},{"ancestorTitles":["PetForm"],"fullName":"PetForm supports controlled mode with value/onChange","status":"passed","title":"supports controlled mode with value/onChange","duration":193.72858300000007,"failureMessages":[],"meta":{}}],"startTime":1760032649361,"endTime":1760032649914.7285,"status":"passed","message":"","name":"/Users/edmays/src/dog-log/src/features/petManagement/petForm.test.tsx"},{"assertionResults":[{"ancestorTitles":["authService"],"fullName":"authService ensurePersistence sets browserLocalPersistence","status":"passed","title":"ensurePersistence sets browserLocalPersistence","duration":1.2421249999999873,"failureMessages":[],"meta":{}},{"ancestorTitles":["authService","signInWithGoogle"],"fullName":"authService signInWithGoogle creates a new user if one does not exist","status":"passed","title":"creates a new user if one does not exist","duration":2.50649999999996,"failureMessages":[],"meta":{}},{"ancestorTitles":["authService","signInWithGoogle"],"fullName":"authService signInWithGoogle does not create a user if one already exists","status":"passed","title":"does not create a user if one already exists","duration":2.7542079999999487,"failureMessages":[],"meta":{}},{"ancestorTitles":["authService"],"fullName":"authService signInWithGoogle rethrows errors","status":"passed","title":"signInWithGoogle rethrows errors","duration":1.2559160000000702,"failureMessages":[],"meta":{}},{"ancestorTitles":["authService"],"fullName":"authService signOut calls Firebase signOut","status":"passed","title":"signOut calls Firebase signOut","duration":0.21620800000005147,"failureMessages":[],"meta":{}},{"ancestorTitles":["authService"],"fullName":"authService subscribeToAuth forwards mapped user and returns unsubscribe","status":"passed","title":"subscribeToAuth forwards mapped user and returns unsubscribe","duration":1.2388750000000073,"failureMessages":[],"meta":{}},{"ancestorTitles":["authService"],"fullName":"authService subscribeToAuth forwards errors","status":"passed","title":"subscribeToAuth forwards errors","duration":2.268041999999923,"failureMessages":[],"meta":{}}],"startTime":1760032650780,"endTime":1760032650792.268,"status":"passed","message":"","name":"/Users/edmays/src/dog-log/src/services/auth/authService.test.tsx"},{"assertionResults":[{"ancestorTitles":["BaseRepository","documentToEntity"],"fullName":"BaseRepository documentToEntity should convert Firestore document to plain entity","status":"passed","title":"should convert Firestore document to plain entity","duration":3.110249999999951,"failureMessages":[],"meta":{}},{"ancestorTitles":["BaseRepository","documentToEntity"],"fullName":"BaseRepository documentToEntity should handle nested timestamp conversion","status":"passed","title":"should handle nested timestamp conversion","duration":0.21341700000004948,"failureMessages":[],"meta":{}},{"ancestorTitles":["BaseRepository","entityToDocument"],"fullName":"BaseRepository entityToDocument should convert entity to Firestore document format","status":"passed","title":"should convert entity to Firestore document format","duration":0.28608299999996234,"failureMessages":[],"meta":{}},{"ancestorTitles":["BaseRepository","entityToDocument"],"fullName":"BaseRepository entityToDocument should handle nested date conversion","status":"passed","title":"should handle nested date conversion","duration":0.10304099999996197,"failureMessages":[],"meta":{}},{"ancestorTitles":["BaseRepository","handleError"],"fullName":"BaseRepository handleError should map permission-denied errors correctly","status":"passed","title":"should map permission-denied errors correctly","duration":4.76908299999991,"failureMessages":[],"meta":{}},{"ancestorTitles":["BaseRepository","handleError"],"fullName":"BaseRepository handleError should map not-found errors correctly","status":"passed","title":"should map not-found errors correctly","duration":3.301666999999952,"failureMessages":[],"meta":{}},{"ancestorTitles":["BaseRepository","handleError"],"fullName":"BaseRepository handleError should handle unknown errors","status":"passed","title":"should handle unknown errors","duration":0.43595799999991414,"failureMessages":[],"meta":{}},{"ancestorTitles":["ArchivableBaseRepository","archive"],"fullName":"ArchivableBaseRepository archive should call update with archive fields","status":"passed","title":"should call update with archive fields","duration":3.830624999999941,"failureMessages":[],"meta":{}}],"startTime":1760032650625,"endTime":1760032650641.8306,"status":"passed","message":"","name":"/Users/edmays/src/dog-log/src/repositories/base/BaseRepository.test.tsx"},{"assertionResults":[{"ancestorTitles":["firestoreDocumentToPlain"],"fullName":"firestoreDocumentToPlain converts Firestore Timestamps to JS Date","status":"passed","title":"converts Firestore Timestamps to JS Date","duration":0.9985000000000355,"failureMessages":[],"meta":{}},{"ancestorTitles":["firestoreDocumentToPlain"],"fullName":"firestoreDocumentToPlain deeply converts nested Timestamps","status":"passed","title":"deeply converts nested Timestamps","duration":0.1183330000000069,"failureMessages":[],"meta":{}},{"ancestorTitles":["firestoreDocumentToPlain"],"fullName":"firestoreDocumentToPlain preserves primitives and arrays","status":"passed","title":"preserves primitives and arrays","duration":0.15970800000002328,"failureMessages":[],"meta":{}},{"ancestorTitles":["plainToFirestoreDocument"],"fullName":"plainToFirestoreDocument converts JS Date to Firestore Timestamp","status":"passed","title":"converts JS Date to Firestore Timestamp","duration":0.18675000000007458,"failureMessages":[],"meta":{}},{"ancestorTitles":["plainToFirestoreDocument"],"fullName":"plainToFirestoreDocument deeply converts nested Dates","status":"passed","title":"deeply converts nested Dates","duration":0.08724999999992633,"failureMessages":[],"meta":{}},{"ancestorTitles":["plainToFirestoreDocument"],"fullName":"plainToFirestoreDocument preserves primitives and arrays","status":"passed","title":"preserves primitives and arrays","duration":0.10237500000005184,"failureMessages":[],"meta":{}},{"ancestorTitles":["sanitizeStringField"],"fullName":"sanitizeStringField trims whitespace from strings","status":"passed","title":"trims whitespace from strings","duration":0.2512500000000273,"failureMessages":[],"meta":{}},{"ancestorTitles":["sanitizeStringField"],"fullName":"sanitizeStringField returns empty string for non-strings","status":"passed","title":"returns empty string for non-strings","duration":0.23254199999996672,"failureMessages":[],"meta":{}}],"startTime":1760032651166,"endTime":1760032651168.2512,"status":"passed","message":"","name":"/Users/edmays/src/dog-log/src/repositories/utils/dataTransformers.test.tsx"},{"assertionResults":[{"ancestorTitles":["LoginButton"],"fullName":"LoginButton calls signInWithGoogle on click","status":"passed","title":"calls signInWithGoogle on click","duration":67.34525000000008,"failureMessages":[],"meta":{}},{"ancestorTitles":["LoginButton"],"fullName":"LoginButton is disabled when initializing","status":"passed","title":"is disabled when initializing","duration":6.072625000000016,"failureMessages":[],"meta":{}}],"startTime":1760032649501,"endTime":1760032649574.0725,"status":"passed","message":"","name":"/Users/edmays/src/dog-log/src/components/common/Auth/LoginButton.test.tsx"},{"assertionResults":[{"ancestorTitles":["LogoutButton"],"fullName":"LogoutButton calls signOut and navigates to /welcome","status":"passed","title":"calls signOut and navigates to /welcome","duration":62.96662499999991,"failureMessages":[],"meta":{}}],"startTime":1760032649514,"endTime":1760032649576.9666,"status":"passed","message":"","name":"/Users/edmays/src/dog-log/src/components/common/Auth/LogoutButton.test.tsx"},{"assertionResults":[{"ancestorTitles":["ConfirmModal"],"fullName":"ConfirmModal renders the modal text","status":"passed","title":"renders the modal text","duration":32.60029200000008,"failureMessages":[],"meta":{}},{"ancestorTitles":["ConfirmModal"],"fullName":"ConfirmModal renders default button labels \"Yes\" (accept) and \"No\" (decline)","status":"passed","title":"renders default button labels \"Yes\" (accept) and \"No\" (decline)","duration":3.1612499999999955,"failureMessages":[],"meta":{}},{"ancestorTitles":["ConfirmModal"],"fullName":"ConfirmModal calls onAccept when the \"Yes\" button is clicked (default)","status":"passed","title":"calls onAccept when the \"Yes\" button is clicked (default)","duration":49.19279100000006,"failureMessages":[],"meta":{}},{"ancestorTitles":["ConfirmModal"],"fullName":"ConfirmModal calls onDecline when the \"No\" button is clicked (default)","status":"passed","title":"calls onDecline when the \"No\" button is clicked (default)","duration":25.0998340000001,"failureMessages":[],"meta":{}},{"ancestorTitles":["ConfirmModal"],"fullName":"ConfirmModal renders and uses custom accept/decline labels","status":"passed","title":"renders and uses custom accept/decline labels","duration":2.625709000000029,"failureMessages":[],"meta":{}},{"ancestorTitles":["ConfirmModal"],"fullName":"ConfirmModal calls onAccept when custom accept label is clicked","status":"passed","title":"calls onAccept when custom accept label is clicked","duration":11.845125000000053,"failureMessages":[],"meta":{}},{"ancestorTitles":["ConfirmModal"],"fullName":"ConfirmModal calls onDecline when custom decline label is clicked","status":"passed","title":"calls onDecline when custom decline label is clicked","duration":17.639958999999976,"failureMessages":[],"meta":{}},{"ancestorTitles":["ConfirmModal"],"fullName":"ConfirmModal focuses the decline button initially and traps focus between buttons when tabbing","status":"passed","title":"focuses the decline button initially and traps focus between buttons when tabbing","duration":33.499083999999925,"failureMessages":[],"meta":{}},{"ancestorTitles":["ConfirmModal"],"fullName":"ConfirmModal closes (calls onDecline) on Escape key","status":"passed","title":"closes (calls onDecline) on Escape key","duration":7.564999999999941,"failureMessages":[],"meta":{}}],"startTime":1760032649342,"endTime":1760032649524.565,"status":"passed","message":"","name":"/Users/edmays/src/dog-log/src/components/common/ConfirmModal/ConfirmModal.test.tsx"},{"assertionResults":[{"ancestorTitles":["ErrorBoundary"],"fullName":"ErrorBoundary renders a localized fallback when a child throws","status":"passed","title":"renders a localized fallback when a child throws","duration":39.88158299999998,"failureMessages":[],"meta":{}},{"ancestorTitles":["ErrorBoundary"],"fullName":"ErrorBoundary renders Spanish fallback when locale is es","status":"passed","title":"renders Spanish fallback when locale is es","duration":11.242541000000074,"failureMessages":[],"meta":{}}],"startTime":1760032649952,"endTime":1760032650003.2424,"status":"passed","message":"","name":"/Users/edmays/src/dog-log/src/components/common/ErrorBoundary/ErrorBoundary.test.tsx"},{"assertionResults":[{"ancestorTitles":[],"fullName":"renders default loading indicator","status":"passed","title":"renders default loading indicator","duration":45.45683399999996,"failureMessages":[],"meta":{}},{"ancestorTitles":[],"fullName":"renders custom text","status":"passed","title":"renders custom text","duration":19.955916000000002,"failureMessages":[],"meta":{}},{"ancestorTitles":[],"fullName":"renders with a custom test id","status":"passed","title":"renders with a custom test id","duration":9.913458999999989,"failureMessages":[],"meta":{}}],"startTime":1760032650204,"endTime":1760032650279.9136,"status":"passed","message":"","name":"/Users/edmays/src/dog-log/src/components/common/LoadingIndicator/LoadingIndicator.test.tsx"},{"assertionResults":[{"ancestorTitles":[],"fullName":"renders the default eror indicator","status":"passed","title":"renders the default eror indicator","duration":35.30966600000011,"failureMessages":[],"meta":{}},{"ancestorTitles":[],"fullName":"renders custom text","status":"passed","title":"renders custom text","duration":5.144666000000029,"failureMessages":[],"meta":{}},{"ancestorTitles":[],"fullName":"renders with custom test-id","status":"passed","title":"renders with custom test-id","duration":3.673249999999939,"failureMessages":[],"meta":{}}],"startTime":1760032650287,"endTime":1760032650330.6733,"status":"passed","message":"","name":"/Users/edmays/src/dog-log/src/components/common/ErrorIndicator/ErrorIndicator.test.tsx"}]}